# JRE version: Java(TM) SE Runtime Environment (7.0_51-b13) (build 1.7.0_51-b13)
# Java VM: Java HotSpot(TM) 64-Bit Server VM (24.51-b03 mixed mode windows-amd64 compressed oops)
Heap
 PSYoungGen      total 139264K, used 104862K [0x00000007d5b00000, 0x00000007df900000, 0x0000000800000000)
  eden space 129024K, 73% used [0x00000007d5b00000,0x00000007db76a200,0x00000007dd900000)
  from space 10240K, 99% used [0x00000007de700000,0x00000007df0fd880,0x00000007df100000)
  to   space 14336K, 0% used [0x00000007dd900000,0x00000007dd900000,0x00000007de700000)
 ParOldGen       total 86528K, used 63493K [0x0000000781200000, 0x0000000786680000, 0x00000007d5b00000)
  object space 86528K, 73% used [0x0000000781200000,0x0000000785001760,0x0000000786680000)
 PSPermGen       total 23040K, used 22868K [0x000000077c000000, 0x000000077d680000, 0x0000000781200000)
  object space 23040K, 99% used [0x000000077c000000,0x000000077d655378,0x000000077d680000)
GC Heap History (10 events):
Event: 1.638 GC heap before
{Heap before GC invocations=4 (full 0):
 PSYoungGen      total 38400K, used 38392K [0x00000007d5b00000, 0x00000007da600000, 0x0000000800000000)
  eden space 33280K, 100% used [0x00000007d5b00000,0x00000007d7b80000,0x00000007d7b80000)
  from space 5120K, 99% used [0x00000007d7b80000,0x00000007d807e030,0x00000007d8080000)
  to   space 5120K, 0% used [0x00000007da100000,0x00000007da100000,0x00000007da600000)
 ParOldGen       total 86528K, used 6106K [0x0000000781200000, 0x0000000786680000, 0x00000007d5b00000)
  object space 86528K, 7% used [0x0000000781200000,0x00000007817f6908,0x0000000786680000)
 PSPermGen       total 21504K, used 15308K [0x000000077c000000, 0x000000077d500000, 0x0000000781200000)
  object space 21504K, 71% used [0x000000077c000000,0x000000077cef3178,0x000000077d500000)
Event: 1.643 GC heap after
Heap after GC invocations=4 (full 0):
 PSYoungGen      total 71680K, used 5112K [0x00000007d5b00000, 0x00000007da600000, 0x0000000800000000)
  eden space 66560K, 0% used [0x00000007d5b00000,0x00000007d5b00000,0x00000007d9c00000)
  from space 5120K, 99% used [0x00000007da100000,0x00000007da5fe010,0x00000007da600000)
  to   space 5120K, 0% used [0x00000007d9c00000,0x00000007d9c00000,0x00000007da100000)
 ParOldGen       total 86528K, used 8786K [0x0000000781200000, 0x0000000786680000, 0x00000007d5b00000)
  object space 86528K, 10% used [0x0000000781200000,0x0000000781a94870,0x0000000786680000)
 PSPermGen       total 21504K, used 15308K [0x000000077c000000, 0x000000077d500000, 0x0000000781200000)
  object space 21504K, 71% used [0x000000077c000000,0x000000077cef3178,0x000000077d500000)
}
Event: 2.182 GC heap before
{Heap before GC invocations=5 (full 0):
 PSYoungGen      total 71680K, used 71672K [0x00000007d5b00000, 0x00000007da600000, 0x0000000800000000)
  eden space 66560K, 100% used [0x00000007d5b00000,0x00000007d9c00000,0x00000007d9c00000)
  from space 5120K, 99% used [0x00000007da100000,0x00000007da5fe010,0x00000007da600000)
  to   space 5120K, 0% used [0x00000007d9c00000,0x00000007d9c00000,0x00000007da100000)
 ParOldGen       total 86528K, used 8786K [0x0000000781200000, 0x0000000786680000, 0x00000007d5b00000)
  object space 86528K, 10% used [0x0000000781200000,0x0000000781a94870,0x0000000786680000)
 PSPermGen       total 21504K, used 16456K [0x000000077c000000, 0x000000077d500000, 0x0000000781200000)
  object space 21504K, 76% used [0x000000077c000000,0x000000077d0121b0,0x000000077d500000)
Event: 2.191 GC heap after
Heap after GC invocations=5 (full 0):
 PSYoungGen      total 71680K, used 5112K [0x00000007d5b00000, 0x00000007df100000, 0x0000000800000000)
  eden space 66560K, 0% used [0x00000007d5b00000,0x00000007d5b00000,0x00000007d9c00000)
  from space 5120K, 99% used [0x00000007d9c00000,0x00000007da0fe010,0x00000007da100000)
  to   space 10240K, 0% used [0x00000007de700000,0x00000007de700000,0x00000007df100000)
 ParOldGen       total 86528K, used 13527K [0x0000000781200000, 0x0000000786680000, 0x00000007d5b00000)
  object space 86528K, 15% used [0x0000000781200000,0x0000000781f35cb0,0x0000000786680000)
 PSPermGen       total 21504K, used 16456K [0x000000077c000000, 0x000000077d500000, 0x0000000781200000)
  object space 21504K, 76% used [0x000000077c000000,0x000000077d0121b0,0x000000077d500000)
}
Event: 2.916 GC heap before
{Heap before GC invocations=6 (full 0):
 PSYoungGen      total 71680K, used 71672K [0x00000007d5b00000, 0x00000007df100000, 0x0000000800000000)
  eden space 66560K, 100% used [0x00000007d5b00000,0x00000007d9c00000,0x00000007d9c00000)
  from space 5120K, 99% used [0x00000007d9c00000,0x00000007da0fe010,0x00000007da100000)
  to   space 10240K, 0% used [0x00000007de700000,0x00000007de700000,0x00000007df100000)
 ParOldGen       total 86528K, used 13527K [0x0000000781200000, 0x0000000786680000, 0x00000007d5b00000)
  object space 86528K, 15% used [0x0000000781200000,0x0000000781f35cb0,0x0000000786680000)
 PSPermGen       total 23040K, used 22791K [0x000000077c000000, 0x000000077d680000, 0x0000000781200000)
  object space 23040K, 98% used [0x000000077c000000,0x000000077d641e90,0x000000077d680000)
Event: 2.929 GC heap after
Heap after GC invocations=6 (full 0):
 PSYoungGen      total 139264K, used 10216K [0x00000007d5b00000, 0x00000007df900000, 0x0000000800000000)
  eden space 129024K, 0% used [0x00000007d5b00000,0x00000007d5b00000,0x00000007dd900000)
  from space 10240K, 99% used [0x00000007de700000,0x00000007df0fa1d8,0x00000007df100000)
  to   space 14336K, 0% used [0x00000007dd900000,0x00000007dd900000,0x00000007de700000)
 ParOldGen       total 86528K, used 18514K [0x0000000781200000, 0x0000000786680000, 0x00000007d5b00000)
  object space 86528K, 21% used [0x0000000781200000,0x0000000782414978,0x0000000786680000)
 PSPermGen       total 23040K, used 22791K [0x000000077c000000, 0x000000077d680000, 0x0000000781200000)
  object space 23040K, 98% used [0x000000077c000000,0x000000077d641e90,0x000000077d680000)
}
Event: 3.470 GC heap before
{Heap before GC invocations=7 (full 0):
 PSYoungGen      total 139264K, used 139240K [0x00000007d5b00000, 0x00000007df900000, 0x0000000800000000)
  eden space 129024K, 100% used [0x00000007d5b00000,0x00000007dd900000,0x00000007dd900000)
  from space 10240K, 99% used [0x00000007de700000,0x00000007df0fa1d8,0x00000007df100000)
  to   space 14336K, 0% used [0x00000007dd900000,0x00000007dd900000,0x00000007de700000)
 ParOldGen       total 86528K, used 18514K [0x0000000781200000, 0x0000000786680000, 0x00000007d5b00000)
  object space 86528K, 21% used [0x0000000781200000,0x0000000782414978,0x0000000786680000)
 PSPermGen       total 23040K, used 22836K [0x000000077c000000, 0x000000077d680000, 0x0000000781200000)
  object space 23040K, 99% used [0x000000077c000000,0x000000077d64d218,0x000000077d680000)
Event: 3.490 GC heap after
Heap after GC invocations=7 (full 0):
 PSYoungGen      total 143360K, used 14312K [0x00000007d5b00000, 0x00000007df900000, 0x0000000800000000)
  eden space 129024K, 0% used [0x00000007d5b00000,0x00000007d5b00000,0x00000007dd900000)
  from space 14336K, 99% used [0x00000007dd900000,0x00000007de6fa328,0x00000007de700000)
  to   space 10240K, 0% used [0x00000007de700000,0x00000007de700000,0x00000007df100000)
 ParOldGen       total 86528K, used 34295K [0x0000000781200000, 0x0000000786680000, 0x00000007d5b00000)
  object space 86528K, 39% used [0x0000000781200000,0x000000078337df68,0x0000000786680000)
 PSPermGen       total 23040K, used 22836K [0x000000077c000000, 0x000000077d680000, 0x0000000781200000)
  object space 23040K, 99% used [0x000000077c000000,0x000000077d64d218,0x000000077d680000)
}
Event: 3.910 GC heap before
{Heap before GC invocations=8 (full 0):
 PSYoungGen      total 143360K, used 143336K [0x00000007d5b00000, 0x00000007df900000, 0x0000000800000000)
  eden space 129024K, 100% used [0x00000007d5b00000,0x00000007dd900000,0x00000007dd900000)
  from space 14336K, 99% used [0x00000007dd900000,0x00000007de6fa328,0x00000007de700000)
  to   space 10240K, 0% used [0x00000007de700000,0x00000007de700000,0x00000007df100000)
 ParOldGen       total 86528K, used 34295K [0x0000000781200000, 0x0000000786680000, 0x00000007d5b00000)
  object space 86528K, 39% used [0x0000000781200000,0x000000078337df68,0x0000000786680000)
 PSPermGen       total 23040K, used 22846K [0x000000077c000000, 0x000000077d680000, 0x0000000781200000)
  object space 23040K, 99% used [0x000000077c000000,0x000000077d64f838,0x000000077d680000)
Event: 3.927 GC heap after
Heap after GC invocations=8 (full 0):
 PSYoungGen      total 139264K, used 10230K [0x00000007d5b00000, 0x00000007df900000, 0x0000000800000000)
  eden space 129024K, 0% used [0x00000007d5b00000,0x00000007d5b00000,0x00000007dd900000)
  from space 10240K, 99% used [0x00000007de700000,0x00000007df0fd880,0x00000007df100000)
  to   space 14336K, 0% used [0x00000007dd900000,0x00000007dd900000,0x00000007de700000)
 ParOldGen       total 86528K, used 63493K [0x0000000781200000, 0x0000000786680000, 0x00000007d5b00000)
  object space 86528K, 73% used [0x0000000781200000,0x0000000785001760,0x0000000786680000)
 PSPermGen       total 23040K, used 22846K [0x000000077c000000, 0x000000077d680000, 0x0000000781200000)
  object space 23040K, 99% used [0x000000077c000000,0x000000077d64f838,0x000000077d680000)
}

