# JRE version: Java(TM) SE Runtime Environment (7.0_51-b13) (build 1.7.0_51-b13)
# Java VM: Java HotSpot(TM) 64-Bit Server VM (24.51-b03 mixed mode windows-amd64 compressed oops)
Heap
 PSYoungGen      total 71680K, used 16946K [0x00000007d5b00000, 0x00000007da600000, 0x0000000800000000)
  eden space 66560K, 17% used [0x00000007d5b00000,0x00000007d6690808,0x00000007d9c00000)
  from space 5120K, 99% used [0x00000007da100000,0x00000007da5fc020,0x00000007da600000)
  to   space 5120K, 0% used [0x00000007d9c00000,0x00000007d9c00000,0x00000007da100000)
 ParOldGen       total 86528K, used 37103K [0x0000000781200000, 0x0000000786680000, 0x00000007d5b00000)
  object space 86528K, 42% used [0x0000000781200000,0x000000078363bf18,0x0000000786680000)
 PSPermGen       total 23040K, used 22802K [0x000000077c000000, 0x000000077d680000, 0x0000000781200000)
  object space 23040K, 98% used [0x000000077c000000,0x000000077d644998,0x000000077d680000)
GC Heap History (10 events):
Event: 0.904 GC heap before
{Heap before GC invocations=2 (full 0):
 PSYoungGen      total 38400K, used 38387K [0x00000007d5b00000, 0x00000007da600000, 0x0000000800000000)
  eden space 33280K, 100% used [0x00000007d5b00000,0x00000007d7b80000,0x00000007d7b80000)
  from space 5120K, 99% used [0x00000007d7b80000,0x00000007d807cd08,0x00000007d8080000)
  to   space 5120K, 0% used [0x00000007da100000,0x00000007da100000,0x00000007da600000)
 ParOldGen       total 86528K, used 991K [0x0000000781200000, 0x0000000786680000, 0x00000007d5b00000)
  object space 86528K, 1% used [0x0000000781200000,0x00000007812f7d18,0x0000000786680000)
 PSPermGen       total 21504K, used 12395K [0x000000077c000000, 0x000000077d500000, 0x0000000781200000)
  object space 21504K, 57% used [0x000000077c000000,0x000000077cc1ae30,0x000000077d500000)
Event: 0.910 GC heap after
Heap after GC invocations=2 (full 0):
 PSYoungGen      total 71680K, used 5116K [0x00000007d5b00000, 0x00000007da600000, 0x0000000800000000)
  eden space 66560K, 0% used [0x00000007d5b00000,0x00000007d5b00000,0x00000007d9c00000)
  from space 5120K, 99% used [0x00000007da100000,0x00000007da5ff250,0x00000007da600000)
  to   space 5120K, 0% used [0x00000007d9c00000,0x00000007d9c00000,0x00000007da100000)
 ParOldGen       total 86528K, used 3379K [0x0000000781200000, 0x0000000786680000, 0x00000007d5b00000)
  object space 86528K, 3% used [0x0000000781200000,0x000000078154cd80,0x0000000786680000)
 PSPermGen       total 21504K, used 12395K [0x000000077c000000, 0x000000077d500000, 0x0000000781200000)
  object space 21504K, 57% used [0x000000077c000000,0x000000077cc1ae30,0x000000077d500000)
}
Event: 1.674 GC heap before
{Heap before GC invocations=3 (full 0):
 PSYoungGen      total 71680K, used 71676K [0x00000007d5b00000, 0x00000007da600000, 0x0000000800000000)
  eden space 66560K, 100% used [0x00000007d5b00000,0x00000007d9c00000,0x00000007d9c00000)
  from space 5120K, 99% used [0x00000007da100000,0x00000007da5ff250,0x00000007da600000)
  to   space 5120K, 0% used [0x00000007d9c00000,0x00000007d9c00000,0x00000007da100000)
 ParOldGen       total 86528K, used 3379K [0x0000000781200000, 0x0000000786680000, 0x00000007d5b00000)
  object space 86528K, 3% used [0x0000000781200000,0x000000078154cd80,0x0000000786680000)
 PSPermGen       total 21504K, used 15321K [0x000000077c000000, 0x000000077d500000, 0x0000000781200000)
  object space 21504K, 71% used [0x000000077c000000,0x000000077cef6430,0x000000077d500000)
Event: 1.681 GC heap after
Heap after GC invocations=3 (full 0):
 PSYoungGen      total 71680K, used 5096K [0x00000007d5b00000, 0x00000007da600000, 0x0000000800000000)
  eden space 66560K, 0% used [0x00000007d5b00000,0x00000007d5b00000,0x00000007d9c00000)
  from space 5120K, 99% used [0x00000007d9c00000,0x00000007da0fa020,0x00000007da100000)
  to   space 5120K, 0% used [0x00000007da100000,0x00000007da100000,0x00000007da600000)
 ParOldGen       total 86528K, used 8464K [0x0000000781200000, 0x0000000786680000, 0x00000007d5b00000)
  object space 86528K, 9% used [0x0000000781200000,0x0000000781a440c0,0x0000000786680000)
 PSPermGen       total 21504K, used 15321K [0x000000077c000000, 0x000000077d500000, 0x0000000781200000)
  object space 21504K, 71% used [0x000000077c000000,0x000000077cef6430,0x000000077d500000)
}
Event: 2.275 GC heap before
{Heap before GC invocations=4 (full 0):
 PSYoungGen      total 71680K, used 71656K [0x00000007d5b00000, 0x00000007da600000, 0x0000000800000000)
  eden space 66560K, 100% used [0x00000007d5b00000,0x00000007d9c00000,0x00000007d9c00000)
  from space 5120K, 99% used [0x00000007d9c00000,0x00000007da0fa020,0x00000007da100000)
  to   space 5120K, 0% used [0x00000007da100000,0x00000007da100000,0x00000007da600000)
 ParOldGen       total 86528K, used 8464K [0x0000000781200000, 0x0000000786680000, 0x00000007d5b00000)
  object space 86528K, 9% used [0x0000000781200000,0x0000000781a440c0,0x0000000786680000)
 PSPermGen       total 21504K, used 16444K [0x000000077c000000, 0x000000077d500000, 0x0000000781200000)
  object space 21504K, 76% used [0x000000077c000000,0x000000077d00f1f0,0x000000077d500000)
Event: 2.283 GC heap after
Heap after GC invocations=4 (full 0):
 PSYoungGen      total 71680K, used 5120K [0x00000007d5b00000, 0x00000007da600000, 0x0000000800000000)
  eden space 66560K, 0% used [0x00000007d5b00000,0x00000007d5b00000,0x00000007d9c00000)
  from space 5120K, 100% used [0x00000007da100000,0x00000007da600000,0x00000007da600000)
  to   space 5120K, 0% used [0x00000007d9c00000,0x00000007d9c00000,0x00000007da100000)
 ParOldGen       total 86528K, used 13157K [0x0000000781200000, 0x0000000786680000, 0x00000007d5b00000)
  object space 86528K, 15% used [0x0000000781200000,0x0000000781ed9650,0x0000000786680000)
 PSPermGen       total 21504K, used 16444K [0x000000077c000000, 0x000000077d500000, 0x0000000781200000)
  object space 21504K, 76% used [0x000000077c000000,0x000000077d00f1f0,0x000000077d500000)
}
Event: 2.984 GC heap before
{Heap before GC invocations=5 (full 0):
 PSYoungGen      total 71680K, used 71680K [0x00000007d5b00000, 0x00000007da600000, 0x0000000800000000)
  eden space 66560K, 100% used [0x00000007d5b00000,0x00000007d9c00000,0x00000007d9c00000)
  from space 5120K, 100% used [0x00000007da100000,0x00000007da600000,0x00000007da600000)
  to   space 5120K, 0% used [0x00000007d9c00000,0x00000007d9c00000,0x00000007da100000)
 ParOldGen       total 86528K, used 13157K [0x0000000781200000, 0x0000000786680000, 0x00000007d5b00000)
  object space 86528K, 15% used [0x0000000781200000,0x0000000781ed9650,0x0000000786680000)
 PSPermGen       total 23040K, used 22776K [0x000000077c000000, 0x000000077d680000, 0x0000000781200000)
  object space 23040K, 98% used [0x000000077c000000,0x000000077d63e330,0x000000077d680000)
Event: 2.995 GC heap after
Heap after GC invocations=5 (full 0):
 PSYoungGen      total 71680K, used 5088K [0x00000007d5b00000, 0x00000007da600000, 0x0000000800000000)
  eden space 66560K, 0% used [0x00000007d5b00000,0x00000007d5b00000,0x00000007d9c00000)
  from space 5120K, 99% used [0x00000007d9c00000,0x00000007da0f8010,0x00000007da100000)
  to   space 5120K, 0% used [0x00000007da100000,0x00000007da100000,0x00000007da600000)
 ParOldGen       total 86528K, used 23861K [0x0000000781200000, 0x0000000786680000, 0x00000007d5b00000)
  object space 86528K, 27% used [0x0000000781200000,0x000000078294d4e0,0x0000000786680000)
 PSPermGen       total 23040K, used 22776K [0x000000077c000000, 0x000000077d680000, 0x0000000781200000)
  object space 23040K, 98% used [0x000000077c000000,0x000000077d63e330,0x000000077d680000)
}
Event: 3.279 GC heap before
{Heap before GC invocations=6 (full 0):
 PSYoungGen      total 71680K, used 71648K [0x00000007d5b00000, 0x00000007da600000, 0x0000000800000000)
  eden space 66560K, 100% used [0x00000007d5b00000,0x00000007d9c00000,0x00000007d9c00000)
  from space 5120K, 99% used [0x00000007d9c00000,0x00000007da0f8010,0x00000007da100000)
  to   space 5120K, 0% used [0x00000007da100000,0x00000007da100000,0x00000007da600000)
 ParOldGen       total 86528K, used 23861K [0x0000000781200000, 0x0000000786680000, 0x00000007d5b00000)
  object space 86528K, 27% used [0x0000000781200000,0x000000078294d4e0,0x0000000786680000)
 PSPermGen       total 23040K, used 22800K [0x000000077c000000, 0x000000077d680000, 0x0000000781200000)
  object space 23040K, 98% used [0x000000077c000000,0x000000077d644020,0x000000077d680000)
Event: 3.289 GC heap after
Heap after GC invocations=6 (full 0):
 PSYoungGen      total 71680K, used 5104K [0x00000007d5b00000, 0x00000007da600000, 0x0000000800000000)
  eden space 66560K, 0% used [0x00000007d5b00000,0x00000007d5b00000,0x00000007d9c00000)
  from space 5120K, 99% used [0x00000007da100000,0x00000007da5fc020,0x00000007da600000)
  to   space 5120K, 0% used [0x00000007d9c00000,0x00000007d9c00000,0x00000007da100000)
 ParOldGen       total 86528K, used 37103K [0x0000000781200000, 0x0000000786680000, 0x00000007d5b00000)
  object space 86528K, 42% used [0x0000000781200000,0x000000078363bf18,0x0000000786680000)
 PSPermGen       total 23040K, used 22800K [0x000000077c000000, 0x000000077d680000, 0x0000000781200000)
  object space 23040K, 98% used [0x000000077c000000,0x000000077d644020,0x000000077d680000)
}

