# JRE version: Java(TM) SE Runtime Environment (7.0_51-b13) (build 1.7.0_51-b13)
# Java VM: Java HotSpot(TM) 64-Bit Server VM (24.51-b03 mixed mode windows-amd64 compressed oops)
Heap
 PSYoungGen      total 38400K, used 33611K [0x00000007d5b00000, 0x00000007d8580000, 0x0000000800000000)
  eden space 33280K, 85% used [0x00000007d5b00000,0x00000007d76d46d8,0x00000007d7b80000)
  from space 5120K, 99% used [0x00000007d8080000,0x00000007d857e6f0,0x00000007d8580000)
  to   space 5120K, 0% used [0x00000007d7b80000,0x00000007d7b80000,0x00000007d8080000)
 ParOldGen       total 86528K, used 3381K [0x0000000781200000, 0x0000000786680000, 0x00000007d5b00000)
  object space 86528K, 3% used [0x0000000781200000,0x000000078154d490,0x0000000786680000)
 PSPermGen       total 21504K, used 14947K [0x000000077c000000, 0x000000077d500000, 0x0000000781200000)
  object space 21504K, 69% used [0x000000077c000000,0x000000077ce98dd8,0x000000077d500000)
GC Heap History (4 events):
Event: 0.541 GC heap before
{Heap before GC invocations=1 (full 0):
 PSYoungGen      total 38400K, used 33280K [0x00000007d5b00000, 0x00000007d8580000, 0x0000000800000000)
  eden space 33280K, 100% used [0x00000007d5b00000,0x00000007d7b80000,0x00000007d7b80000)
  from space 5120K, 0% used [0x00000007d8080000,0x00000007d8080000,0x00000007d8580000)
  to   space 5120K, 0% used [0x00000007d7b80000,0x00000007d7b80000,0x00000007d8080000)
 ParOldGen       total 86528K, used 0K [0x0000000781200000, 0x0000000786680000, 0x00000007d5b00000)
  object space 86528K, 0% used [0x0000000781200000,0x0000000781200000,0x0000000786680000)
 PSPermGen       total 21504K, used 8504K [0x000000077c000000, 0x000000077d500000, 0x0000000781200000)
  object space 21504K, 39% used [0x000000077c000000,0x000000077c84e358,0x000000077d500000)
Event: 0.546 GC heap after
Heap after GC invocations=1 (full 0):
 PSYoungGen      total 38400K, used 5110K [0x00000007d5b00000, 0x00000007d8580000, 0x0000000800000000)
  eden space 33280K, 0% used [0x00000007d5b00000,0x00000007d5b00000,0x00000007d7b80000)
  from space 5120K, 99% used [0x00000007d7b80000,0x00000007d807db80,0x00000007d8080000)
  to   space 5120K, 0% used [0x00000007d8080000,0x00000007d8080000,0x00000007d8580000)
 ParOldGen       total 86528K, used 1019K [0x0000000781200000, 0x0000000786680000, 0x00000007d5b00000)
  object space 86528K, 1% used [0x0000000781200000,0x00000007812fee60,0x0000000786680000)
 PSPermGen       total 21504K, used 8504K [0x000000077c000000, 0x000000077d500000, 0x0000000781200000)
  object space 21504K, 39% used [0x000000077c000000,0x000000077c84e358,0x000000077d500000)
}
Event: 0.889 GC heap before
{Heap before GC invocations=2 (full 0):
 PSYoungGen      total 38400K, used 38390K [0x00000007d5b00000, 0x00000007d8580000, 0x0000000800000000)
  eden space 33280K, 100% used [0x00000007d5b00000,0x00000007d7b80000,0x00000007d7b80000)
  from space 5120K, 99% used [0x00000007d7b80000,0x00000007d807db80,0x00000007d8080000)
  to   space 5120K, 0% used [0x00000007d8080000,0x00000007d8080000,0x00000007d8580000)
 ParOldGen       total 86528K, used 1019K [0x0000000781200000, 0x0000000786680000, 0x00000007d5b00000)
  object space 86528K, 1% used [0x0000000781200000,0x00000007812fee60,0x0000000786680000)
 PSPermGen       total 21504K, used 12395K [0x000000077c000000, 0x000000077d500000, 0x0000000781200000)
  object space 21504K, 57% used [0x000000077c000000,0x000000077cc1ae50,0x000000077d500000)
Event: 0.895 GC heap after
Heap after GC invocations=2 (full 0):
 PSYoungGen      total 38400K, used 5113K [0x00000007d5b00000, 0x00000007d8580000, 0x0000000800000000)
  eden space 33280K, 0% used [0x00000007d5b00000,0x00000007d5b00000,0x00000007d7b80000)
  from space 5120K, 99% used [0x00000007d8080000,0x00000007d857e6f0,0x00000007d8580000)
  to   space 5120K, 0% used [0x00000007d7b80000,0x00000007d7b80000,0x00000007d8080000)
 ParOldGen       total 86528K, used 3381K [0x0000000781200000, 0x0000000786680000, 0x00000007d5b00000)
  object space 86528K, 3% used [0x0000000781200000,0x000000078154d490,0x0000000786680000)
 PSPermGen       total 21504K, used 12395K [0x000000077c000000, 0x000000077d500000, 0x0000000781200000)
  object space 21504K, 57% used [0x000000077c000000,0x000000077cc1ae50,0x000000077d500000)
}

