# JRE version: Java(TM) SE Runtime Environment (7.0_51-b13) (build 1.7.0_51-b13)
# Java VM: Java HotSpot(TM) 64-Bit Server VM (24.51-b03 mixed mode windows-amd64 compressed oops)
Heap
 PSYoungGen      total 280064K, used 280053K [0x00000007d5b00000, 0x00000007ea000000, 0x0000000800000000)
  eden space 256512K, 100% used [0x00000007d5b00000,0x00000007e5580000,0x00000007e5580000)
  from space 23552K, 99% used [0x00000007e7600000,0x00000007e8cfd768,0x00000007e8d00000)
  to   space 33280K, 0% used [0x00000007e5580000,0x00000007e5580000,0x00000007e7600000)
 ParOldGen       total 86528K, used 43598K [0x0000000781200000, 0x0000000786680000, 0x00000007d5b00000)
  object space 86528K, 50% used [0x0000000781200000,0x0000000783c93b38,0x0000000786680000)
 PSPermGen       total 23040K, used 22860K [0x000000077c000000, 0x000000077d680000, 0x0000000781200000)
  object space 23040K, 99% used [0x000000077c000000,0x000000077d6530e8,0x000000077d680000)
GC Heap History (10 events):
Event: 0.841 GC heap before
{Heap before GC invocations=2 (full 0):
 PSYoungGen      total 38400K, used 38397K [0x00000007d5b00000, 0x00000007da600000, 0x0000000800000000)
  eden space 33280K, 100% used [0x00000007d5b00000,0x00000007d7b80000,0x00000007d7b80000)
  from space 5120K, 99% used [0x00000007d7b80000,0x00000007d807f678,0x00000007d8080000)
  to   space 5120K, 0% used [0x00000007da100000,0x00000007da100000,0x00000007da600000)
 ParOldGen       total 86528K, used 987K [0x0000000781200000, 0x0000000786680000, 0x00000007d5b00000)
  object space 86528K, 1% used [0x0000000781200000,0x00000007812f6d68,0x0000000786680000)
 PSPermGen       total 21504K, used 12382K [0x000000077c000000, 0x000000077d500000, 0x0000000781200000)
  object space 21504K, 57% used [0x000000077c000000,0x000000077cc17a58,0x000000077d500000)
Event: 0.847 GC heap after
Heap after GC invocations=2 (full 0):
 PSYoungGen      total 71680K, used 5119K [0x00000007d5b00000, 0x00000007da600000, 0x0000000800000000)
  eden space 66560K, 0% used [0x00000007d5b00000,0x00000007d5b00000,0x00000007d9c00000)
  from space 5120K, 99% used [0x00000007da100000,0x00000007da5fffb0,0x00000007da600000)
  to   space 5120K, 0% used [0x00000007d9c00000,0x00000007d9c00000,0x00000007da100000)
 ParOldGen       total 86528K, used 3347K [0x0000000781200000, 0x0000000786680000, 0x00000007d5b00000)
  object space 86528K, 3% used [0x0000000781200000,0x0000000781544d88,0x0000000786680000)
 PSPermGen       total 21504K, used 12382K [0x000000077c000000, 0x000000077d500000, 0x0000000781200000)
  object space 21504K, 57% used [0x000000077c000000,0x000000077cc17a58,0x000000077d500000)
}
Event: 1.578 GC heap before
{Heap before GC invocations=3 (full 0):
 PSYoungGen      total 71680K, used 71679K [0x00000007d5b00000, 0x00000007da600000, 0x0000000800000000)
  eden space 66560K, 100% used [0x00000007d5b00000,0x00000007d9c00000,0x00000007d9c00000)
  from space 5120K, 99% used [0x00000007da100000,0x00000007da5fffb0,0x00000007da600000)
  to   space 5120K, 0% used [0x00000007d9c00000,0x00000007d9c00000,0x00000007da100000)
 ParOldGen       total 86528K, used 3347K [0x0000000781200000, 0x0000000786680000, 0x00000007d5b00000)
  object space 86528K, 3% used [0x0000000781200000,0x0000000781544d88,0x0000000786680000)
 PSPermGen       total 21504K, used 15322K [0x000000077c000000, 0x000000077d500000, 0x0000000781200000)
  object space 21504K, 71% used [0x000000077c000000,0x000000077cef6820,0x000000077d500000)
Event: 1.586 GC heap after
Heap after GC invocations=3 (full 0):
 PSYoungGen      total 71680K, used 5112K [0x00000007d5b00000, 0x00000007de700000, 0x0000000800000000)
  eden space 66560K, 0% used [0x00000007d5b00000,0x00000007d5b00000,0x00000007d9c00000)
  from space 5120K, 99% used [0x00000007d9c00000,0x00000007da0fe010,0x00000007da100000)
  to   space 5120K, 0% used [0x00000007de200000,0x00000007de200000,0x00000007de700000)
 ParOldGen       total 86528K, used 8543K [0x0000000781200000, 0x0000000786680000, 0x00000007d5b00000)
  object space 86528K, 9% used [0x0000000781200000,0x0000000781a57ef0,0x0000000786680000)
 PSPermGen       total 21504K, used 15322K [0x000000077c000000, 0x000000077d500000, 0x0000000781200000)
  object space 21504K, 71% used [0x000000077c000000,0x000000077cef6820,0x000000077d500000)
}
Event: 2.128 GC heap before
{Heap before GC invocations=4 (full 0):
 PSYoungGen      total 71680K, used 71672K [0x00000007d5b00000, 0x00000007de700000, 0x0000000800000000)
  eden space 66560K, 100% used [0x00000007d5b00000,0x00000007d9c00000,0x00000007d9c00000)
  from space 5120K, 99% used [0x00000007d9c00000,0x00000007da0fe010,0x00000007da100000)
  to   space 5120K, 0% used [0x00000007de200000,0x00000007de200000,0x00000007de700000)
 ParOldGen       total 86528K, used 8543K [0x0000000781200000, 0x0000000786680000, 0x00000007d5b00000)
  object space 86528K, 9% used [0x0000000781200000,0x0000000781a57ef0,0x0000000786680000)
 PSPermGen       total 21504K, used 16447K [0x000000077c000000, 0x000000077d500000, 0x0000000781200000)
  object space 21504K, 76% used [0x000000077c000000,0x000000077d00ffa8,0x000000077d500000)
Event: 2.136 GC heap after
Heap after GC invocations=4 (full 0):
 PSYoungGen      total 138240K, used 5112K [0x00000007d5b00000, 0x00000007de700000, 0x0000000800000000)
  eden space 133120K, 0% used [0x00000007d5b00000,0x00000007d5b00000,0x00000007ddd00000)
  from space 5120K, 99% used [0x00000007de200000,0x00000007de6fe010,0x00000007de700000)
  to   space 5120K, 0% used [0x00000007ddd00000,0x00000007ddd00000,0x00000007de200000)
 ParOldGen       total 86528K, used 13149K [0x0000000781200000, 0x0000000786680000, 0x00000007d5b00000)
  object space 86528K, 15% used [0x0000000781200000,0x0000000781ed7450,0x0000000786680000)
 PSPermGen       total 21504K, used 16447K [0x000000077c000000, 0x000000077d500000, 0x0000000781200000)
  object space 21504K, 76% used [0x000000077c000000,0x000000077d00ffa8,0x000000077d500000)
}
Event: 3.128 GC heap before
{Heap before GC invocations=5 (full 0):
 PSYoungGen      total 138240K, used 138232K [0x00000007d5b00000, 0x00000007de700000, 0x0000000800000000)
  eden space 133120K, 100% used [0x00000007d5b00000,0x00000007ddd00000,0x00000007ddd00000)
  from space 5120K, 99% used [0x00000007de200000,0x00000007de6fe010,0x00000007de700000)
  to   space 5120K, 0% used [0x00000007ddd00000,0x00000007ddd00000,0x00000007de200000)
 ParOldGen       total 86528K, used 13149K [0x0000000781200000, 0x0000000786680000, 0x00000007d5b00000)
  object space 86528K, 15% used [0x0000000781200000,0x0000000781ed7450,0x0000000786680000)
 PSPermGen       total 23040K, used 22821K [0x000000077c000000, 0x000000077d680000, 0x0000000781200000)
  object space 23040K, 99% used [0x000000077c000000,0x000000077d649578,0x000000077d680000)
Event: 3.145 GC heap after
Heap after GC invocations=5 (full 0):
 PSYoungGen      total 138240K, used 5088K [0x00000007d5b00000, 0x00000007e8d00000, 0x0000000800000000)
  eden space 133120K, 0% used [0x00000007d5b00000,0x00000007d5b00000,0x00000007ddd00000)
  from space 5120K, 99% used [0x00000007ddd00000,0x00000007de1f8010,0x00000007de200000)
  to   space 23552K, 0% used [0x00000007e7600000,0x00000007e7600000,0x00000007e8d00000)
 ParOldGen       total 86528K, used 34741K [0x0000000781200000, 0x0000000786680000, 0x00000007d5b00000)
  object space 86528K, 40% used [0x0000000781200000,0x00000007833ed6f8,0x0000000786680000)
 PSPermGen       total 23040K, used 22821K [0x000000077c000000, 0x000000077d680000, 0x0000000781200000)
  object space 23040K, 99% used [0x000000077c000000,0x000000077d649578,0x000000077d680000)
}
Event: 3.577 GC heap before
{Heap before GC invocations=6 (full 0):
 PSYoungGen      total 138240K, used 138208K [0x00000007d5b00000, 0x00000007e8d00000, 0x0000000800000000)
  eden space 133120K, 100% used [0x00000007d5b00000,0x00000007ddd00000,0x00000007ddd00000)
  from space 5120K, 99% used [0x00000007ddd00000,0x00000007de1f8010,0x00000007de200000)
  to   space 23552K, 0% used [0x00000007e7600000,0x00000007e7600000,0x00000007e8d00000)
 ParOldGen       total 86528K, used 34741K [0x0000000781200000, 0x0000000786680000, 0x00000007d5b00000)
  object space 86528K, 40% used [0x0000000781200000,0x00000007833ed6f8,0x0000000786680000)
 PSPermGen       total 23040K, used 22846K [0x000000077c000000, 0x000000077d680000, 0x0000000781200000)
  object space 23040K, 99% used [0x000000077c000000,0x000000077d64fbc8,0x000000077d680000)
Event: 3.601 GC heap after
Heap after GC invocations=6 (full 0):
 PSYoungGen      total 280064K, used 23541K [0x00000007d5b00000, 0x00000007ea000000, 0x0000000800000000)
  eden space 256512K, 0% used [0x00000007d5b00000,0x00000007d5b00000,0x00000007e5580000)
  from space 23552K, 99% used [0x00000007e7600000,0x00000007e8cfd768,0x00000007e8d00000)
  to   space 33280K, 0% used [0x00000007e5580000,0x00000007e5580000,0x00000007e7600000)
 ParOldGen       total 86528K, used 43598K [0x0000000781200000, 0x0000000786680000, 0x00000007d5b00000)
  object space 86528K, 50% used [0x0000000781200000,0x0000000783c93b38,0x0000000786680000)
 PSPermGen       total 23040K, used 22846K [0x000000077c000000, 0x000000077d680000, 0x0000000781200000)
  object space 23040K, 99% used [0x000000077c000000,0x000000077d64fbc8,0x000000077d680000)
}

